<?xml version="1.0" encoding="UTF-8"?>
<!-- Generated by org.testng.reporters.JUnitReportReporter -->
<testsuite hostname="LAPTOP-1RGMJ9DD" failures="0" tests="1" name="jenkinsdemo.VerifyTitle" time="0.010" errors="0" timestamp="2023-07-19T10:09:05 IST" skipped="0">
  <testcase classname="jenkinsdemo.VerifyTitle" name="titleVerification" time="0.010"/>
</testsuite> <!-- jenkinsdemo.VerifyTitle -->
